2024-08-26 14:04:56 [ERROR]: Erro ao conectar ao MongoDB Invalid scheme, expected connection string to start with "mongodb://" or "mongodb+srv://"
2024-09-16 17:02:49 [ERROR]: AggregateError
2024-09-16 17:13:05 [ERROR]: AggregateError
2024-09-16 17:28:05 [ERROR]: AggregateError
2024-09-18 17:00:47 [ERROR]: Request failed with status code 429
2024-09-18 17:00:47 [ERROR]: Request failed with status code 429
2024-09-18 17:00:47 [ERROR]: Request failed with status code 429
2024-09-18 17:00:48 [ERROR]: Request failed with status code 429
2024-09-18 17:00:48 [ERROR]: Request failed with status code 429
2024-09-18 17:00:48 [ERROR]: Request failed with status code 429
2024-09-18 17:00:48 [ERROR]: Request failed with status code 429
2024-09-18 17:00:48 [ERROR]: Request failed with status code 429
2024-09-18 17:00:48 [ERROR]: Request failed with status code 429
2024-09-18 17:00:49 [ERROR]: Request failed with status code 429
2024-09-18 17:00:49 [ERROR]: Request failed with status code 429
2024-09-18 17:00:49 [ERROR]: Request failed with status code 429
2024-09-18 17:00:49 [ERROR]: Request failed with status code 429
2024-09-18 17:00:49 [ERROR]: Request failed with status code 429
2024-09-18 17:00:49 [ERROR]: Request failed with status code 429
2024-09-18 17:05:40 [ERROR]: Request failed with status code 429
2024-09-18 17:05:40 [ERROR]: Request failed with status code 429
2024-09-18 17:05:41 [ERROR]: Request failed with status code 429
2024-09-18 17:05:41 [ERROR]: Request failed with status code 429
2024-09-18 17:05:41 [ERROR]: Request failed with status code 429
2024-09-18 17:05:41 [ERROR]: Request failed with status code 429
2024-09-18 17:05:41 [ERROR]: Request failed with status code 429
2024-09-18 17:05:41 [ERROR]: Request failed with status code 429
2024-09-18 17:05:41 [ERROR]: Request failed with status code 429
2024-09-18 17:05:42 [ERROR]: Request failed with status code 429
2024-09-18 17:05:42 [ERROR]: Request failed with status code 429
2024-09-18 17:05:42 [ERROR]: Request failed with status code 429
2024-09-18 17:05:42 [ERROR]: Request failed with status code 429
2024-09-18 17:05:42 [ERROR]: Request failed with status code 429
2024-09-18 17:05:42 [ERROR]: Request failed with status code 429
2024-09-18 17:10:42 [ERROR]: Request failed with status code 429
2024-09-18 17:10:42 [ERROR]: Request failed with status code 429
2024-09-18 17:10:42 [ERROR]: Request failed with status code 429
2024-09-18 17:10:43 [ERROR]: Request failed with status code 429
2024-09-18 17:10:43 [ERROR]: Request failed with status code 429
2024-09-18 17:10:43 [ERROR]: Request failed with status code 429
2024-09-18 17:10:43 [ERROR]: Request failed with status code 429
2024-09-18 17:10:43 [ERROR]: Request failed with status code 429
2024-09-18 17:10:43 [ERROR]: Request failed with status code 429
2024-09-18 17:10:44 [ERROR]: Request failed with status code 429
2024-09-18 17:10:44 [ERROR]: Request failed with status code 429
2024-09-18 17:10:44 [ERROR]: Request failed with status code 429
2024-09-18 17:10:44 [ERROR]: Request failed with status code 429
2024-09-18 17:10:44 [ERROR]: Request failed with status code 429
2024-09-18 17:10:44 [ERROR]: Request failed with status code 429
2024-09-21 15:06:01 [ERROR]: Request failed with status code 429
2024-09-21 15:06:01 [ERROR]: Request failed with status code 429
2024-09-21 15:06:01 [ERROR]: Request failed with status code 429
2024-09-21 15:06:02 [ERROR]: Request failed with status code 429
2024-09-21 15:13:09 [ERROR]: Request failed with status code 429
2024-09-21 15:13:10 [ERROR]: Request failed with status code 429
2024-09-21 15:13:10 [ERROR]: Request failed with status code 429
2024-09-21 15:13:10 [ERROR]: Request failed with status code 429
2024-09-21 15:18:07 [ERROR]: Request failed with status code 429
2024-09-21 15:18:07 [ERROR]: Request failed with status code 429
2024-09-21 15:18:07 [ERROR]: Request failed with status code 429
2024-09-21 15:18:07 [ERROR]: Request failed with status code 429
2024-09-21 15:23:09 [ERROR]: Request failed with status code 429
2024-09-21 15:23:10 [ERROR]: Request failed with status code 429
2024-09-21 15:23:10 [ERROR]: Request failed with status code 429
2024-09-21 15:23:10 [ERROR]: Request failed with status code 429
2024-09-21 15:28:06 [ERROR]: Request failed with status code 429
2024-09-21 15:28:06 [ERROR]: Request failed with status code 429
2024-09-21 15:28:07 [ERROR]: Request failed with status code 429
2024-09-21 15:28:07 [ERROR]: Request failed with status code 429
2024-09-21 15:33:09 [ERROR]: Request failed with status code 429
2024-09-21 15:33:09 [ERROR]: Request failed with status code 429
2024-09-21 15:33:09 [ERROR]: Request failed with status code 429
2024-09-21 15:33:09 [ERROR]: Request failed with status code 429
2024-09-21 15:38:11 [ERROR]: Request failed with status code 429
2024-09-21 15:38:12 [ERROR]: Request failed with status code 429
2024-09-21 15:38:12 [ERROR]: Request failed with status code 429
2024-09-21 15:38:12 [ERROR]: Request failed with status code 429
2024-09-21 15:43:07 [ERROR]: Request failed with status code 429
2024-09-21 15:43:07 [ERROR]: Request failed with status code 429
2024-09-21 15:43:07 [ERROR]: Request failed with status code 429
2024-09-21 15:43:07 [ERROR]: Request failed with status code 429
2024-09-21 15:48:09 [ERROR]: Request failed with status code 429
2024-09-21 15:48:09 [ERROR]: Request failed with status code 429
2024-09-21 15:48:09 [ERROR]: Request failed with status code 429
2024-09-21 15:48:09 [ERROR]: Request failed with status code 429
2024-09-22 10:19:02 [ERROR]: Erro ao tentar reproduzir a música: [ERR_INVALID_ARG_TYPE] Expected undefined to be "string", received "undefined"
2024-09-22 10:23:13 [ERROR]: Erro ao tentar reproduzir a música: [ERR_INVALID_ARG_TYPE] Expected undefined to be "string", received "undefined"
2024-09-22 10:26:15 [ERROR]: Erro ao tentar reproduzir a música: [ERR_INVALID_ARG_TYPE] Expected undefined to be "string", received "undefined"
2024-09-22 10:32:26 [ERROR]: Erro ao tentar reproduzir a música: [ERR_INVALID_ARG_TYPE] Expected undefined to be "string", received "undefined"
2024-09-22 10:39:56 [ERROR]: Erro ao tentar reproduzir a música: [ERR_INVALID_ARG_TYPE] Expected undefined to be "string", received "undefined"
2024-09-22 10:42:02 [ERROR]: Erro ao tentar reproduzir a música: [ERR_INVALID_ARG_TYPE] Expected undefined to be "string", received "undefined"
2024-09-22 10:50:25 [ERROR]: Erro ao tentar reproduzir a música: [ERR_INVALID_ARG_TYPE] Expected undefined to be "string", received "undefined"
2024-09-22 10:55:41 [ERROR]: Erro ao tentar reproduzir a música: [ERR_INVALID_ARG_TYPE] Expected undefined to be "string", received "undefined"
2024-09-22 13:25:25 [ERROR]: Request failed with status code 429
2024-09-22 13:25:25 [ERROR]: Request failed with status code 429
2024-09-22 13:25:25 [ERROR]: Request failed with status code 429
2024-09-22 13:25:25 [ERROR]: Request failed with status code 429
2025-04-16 13:34:30 [ERROR]: Erro no comando /station: Invalid Form Body
components[0][UNION_TYPE_CHOICES]: Value of field "type" must be one of (1, 9, 10, 12, 13, 14, 17).
2025-04-16 13:35:37 [ERROR]: Erro no comando /station: Invalid Form Body
components[0][UNION_TYPE_CHOICES]: Value of field "type" must be one of (1, 9, 10, 12, 13, 14, 17).
2025-04-16 13:40:42 [ERROR]: Erro no comando /station: StringSelectMenuOptionBuilder is not defined
2025-04-16 13:42:56 [ERROR]: Erro no comando /station: (intermediate value).setCustomId(...).setPlaceholder(...).setEmoji is not a function
2025-04-16 13:44:40 [ERROR]: Erro no comando /station: Invalid Form Body
components[0].components[0].options[BASE_TYPE_MIN_LENGTH]: Must be 10 or more in length.
2025-04-16 15:56:27 [ERROR]: Erro no comando /station: collector is not defined
2025-04-16 16:15:07 [ERROR]: Erro no comando /station: Invalid Form Body
components[0].components[0].options[3][SELECT_COMPONENT_OPTION_VALUE_DUPLICATED]: The specified option value is already used
components[0].components[0].options[4][SELECT_COMPONENT_OPTION_VALUE_DUPLICATED]: The specified option value is already used
components[0].components[0].options[6][SELECT_COMPONENT_OPTION_VALUE_DUPLICATED]: The specified option value is already used
components[0].components[0].options[7][SELECT_COMPONENT_OPTION_VALUE_DUPLICATED]: The specified option value is already used
components[0].components[0].options[8][SELECT_COMPONENT_OPTION_VALUE_DUPLICATED]: The specified option value is already used
components[0].components[0].options[9][SELECT_COMPONENT_OPTION_VALUE_DUPLICATED]: The specified option value is already used
components[0].components[0].options[10][SELECT_COMPONENT_OPTION_VALUE_DUPLICATED]: The specified option value is already used
components[0].components[0].options[11][SELECT_COMPONENT_OPTION_VALUE_DUPLICATED]: The specified option value is already used
components[0].components[0].options[12][SELECT_COMPONENT_OPTION_VALUE_DUPLICATED]: The specified option value is already used
2025-04-16 18:03:41 [ERROR]: Erro ao atualizar a estação de rádio: Unknown interaction
2025-04-18 16:50:51 [ERROR]: Erro ao configurar temporizador: The reply to this interaction has already been sent or deferred.
2025-04-20 12:46:54 [ERROR]: Erro no comando /play: Unknown interaction
2025-05-01 17:34:23 [ERROR]: Erro no comando /station: Unknown interaction
2025-05-07 12:05:22 [ERROR]: Erro no comando /station: Unknown interaction
2025-05-26 13:16:44 [ERROR]: Erro no comando /station: Unknown interaction
